# JRE version: OpenJDK Runtime Environment (8.0_131-b11) (build 1.8.0_131-8u131-b11-2ubuntu1.16.04.3-b11)
# Java VM: OpenJDK 64-Bit Server VM (25.131-b11 mixed mode linux-amd64 compressed oops)
Heap:
 PSYoungGen      total 56320K, used 15251K [0x0000000781d80000, 0x0000000785c00000, 0x00000007c0000000)
  eden space 48640K, 22% used [0x0000000781d80000,0x0000000782812748,0x0000000784d00000)
  from space 7680K, 57% used [0x0000000785480000,0x00000007858d28a0,0x0000000785c00000)
  to   space 7680K, 0% used [0x0000000784d00000,0x0000000784d00000,0x0000000785480000)
 ParOldGen       total 128512K, used 24K [0x0000000705800000, 0x000000070d580000, 0x0000000781d80000)
  object space 128512K, 0% used [0x0000000705800000,0x0000000705806000,0x000000070d580000)
 Metaspace       used 17640K, capacity 17888K, committed 18304K, reserved 1064960K
  class space    used 2045K, capacity 2132K, committed 2176K, reserved 1048576K
GC Heap History (4 events):
Event: 64.404 GC heap before
{Heap before GC invocations=1 (full 0):
 PSYoungGen      total 56320K, used 48640K [0x0000000781d80000, 0x0000000785c00000, 0x00000007c0000000)
  eden space 48640K, 100% used [0x0000000781d80000,0x0000000784d00000,0x0000000784d00000)
  from space 7680K, 0% used [0x0000000785480000,0x0000000785480000,0x0000000785c00000)
  to   space 7680K, 0% used [0x0000000784d00000,0x0000000784d00000,0x0000000785480000)
 ParOldGen       total 128512K, used 0K [0x0000000705800000, 0x000000070d580000, 0x0000000781d80000)
  object space 128512K, 0% used [0x0000000705800000,0x0000000705800000,0x000000070d580000)
 Metaspace       used 16163K, capacity 16356K, committed 16640K, reserved 1064960K
  class space    used 1895K, capacity 1966K, committed 2048K, reserved 1048576K
Event: 64.420 GC heap after
Heap after GC invocations=1 (full 0):
 PSYoungGen      total 56320K, used 3220K [0x0000000781d80000, 0x0000000785c00000, 0x00000007c0000000)
  eden space 48640K, 0% used [0x0000000781d80000,0x0000000781d80000,0x0000000784d00000)
  from space 7680K, 41% used [0x0000000784d00000,0x0000000785025050,0x0000000785480000)
  to   space 7680K, 0% used [0x0000000785480000,0x0000000785480000,0x0000000785c00000)
 ParOldGen       total 128512K, used 16K [0x0000000705800000, 0x000000070d580000, 0x0000000781d80000)
  object space 128512K, 0% used [0x0000000705800000,0x0000000705804000,0x000000070d580000)
 Metaspace       used 16163K, capacity 16356K, committed 16640K, reserved 1064960K
  class space    used 1895K, capacity 1966K, committed 2048K, reserved 1048576K
}
Event: 624.858 GC heap before
{Heap before GC invocations=2 (full 0):
 PSYoungGen      total 56320K, used 51860K [0x0000000781d80000, 0x0000000785c00000, 0x00000007c0000000)
  eden space 48640K, 100% used [0x0000000781d80000,0x0000000784d00000,0x0000000784d00000)
  from space 7680K, 41% used [0x0000000784d00000,0x0000000785025050,0x0000000785480000)
  to   space 7680K, 0% used [0x0000000785480000,0x0000000785480000,0x0000000785c00000)
 ParOldGen       total 128512K, used 16K [0x0000000705800000, 0x000000070d580000, 0x0000000781d80000)
  object space 128512K, 0% used [0x0000000705800000,0x0000000705804000,0x000000070d580000)
 Metaspace       used 17504K, capacity 17728K, committed 18048K, reserved 1064960K
  class space    used 2030K, capacity 2100K, committed 2176K, reserved 1048576K
Event: 624.874 GC heap after
Heap after GC invocations=2 (full 0):
 PSYoungGen      total 56320K, used 4426K [0x0000000781d80000, 0x0000000785c00000, 0x00000007c0000000)
  eden space 48640K, 0% used [0x0000000781d80000,0x0000000781d80000,0x0000000784d00000)
  from space 7680K, 57% used [0x0000000785480000,0x00000007858d28a0,0x0000000785c00000)
  to   space 7680K, 0% used [0x0000000784d00000,0x0000000784d00000,0x0000000785480000)
 ParOldGen       total 128512K, used 24K [0x0000000705800000, 0x000000070d580000, 0x0000000781d80000)
  object space 128512K, 0% used [0x0000000705800000,0x0000000705806000,0x000000070d580000)
 Metaspace       used 17504K, capacity 17728K, committed 18048K, reserved 1064960K
  class space    used 2030K, capacity 2100K, committed 2176K, reserved 1048576K
}

